<?xml version="1.0" encoding="UTF-8"?>
<!-- Generated by org.testng.reporters.JUnitXMLReporter -->
<testsuite ignored="0" hostname="LetsVentures-MacBook-Pro.local" failures="0" tests="3" name="Test" time="0.085" errors="0" timestamp="17 Dec 2019 10:32:07 GMT">
  <testcase classname="testng.basetest" name="@BeforeMethod beforeMethod" time="0.0">
    <failure type="org.testng.TestNGException" message="
Parameter &amp;apos;browser&amp;apos; is required by BeforeMethod on method beforeMethod but has not been marked @Optional or defined
in /Users/letsventure/Rajesh Files/New Workspace/my-practice/MavenSelenium/testng.xml">
      <![CDATA[org.testng.TestNGException: 
Parameter 'browser' is required by BeforeMethod on method beforeMethod but has not been marked @Optional or defined
in /Users/letsventure/Rajesh Files/New Workspace/my-practice/MavenSelenium/testng.xml
... Removed 25 stack frames]]>
    </failure>
  </testcase> <!-- @BeforeMethod beforeMethod -->
  <testcase classname="testng.childTest" name="@BeforeMethod beforeChildMethod" time="0.0">
    <skipped/>
  </testcase> <!-- @BeforeMethod beforeChildMethod -->
  <testcase classname="testng.basetest" name="@AfterMethod aftermethod" time="0.0">
    <skipped/>
  </testcase> <!-- @AfterMethod aftermethod -->
  <testcase classname="testng.basetest" name="@BeforeMethod beforeMethod" time="0.0">
    <skipped/>
  </testcase> <!-- @BeforeMethod beforeMethod -->
  <testcase classname="testng.childTest" name="@BeforeMethod beforeChildMethod" time="0.0">
    <skipped/>
  </testcase> <!-- @BeforeMethod beforeChildMethod -->
  <testcase classname="testng.basetest" name="@AfterMethod aftermethod" time="0.0">
    <skipped/>
  </testcase> <!-- @AfterMethod aftermethod -->
  <testcase classname="testng.basetest" name="@BeforeMethod beforeMethod" time="0.0">
    <skipped/>
  </testcase> <!-- @BeforeMethod beforeMethod -->
  <testcase classname="testng.childTest" name="@BeforeMethod beforeChildMethod" time="0.0">
    <skipped/>
  </testcase> <!-- @BeforeMethod beforeChildMethod -->
  <testcase classname="testng.basetest" name="@AfterMethod aftermethod" time="0.0">
    <skipped/>
  </testcase> <!-- @AfterMethod aftermethod -->
  <testcase classname="testng.childTest" name="testCase1" time="0.0">
    <skipped/>
  </testcase> <!-- testCase1 -->
  <testcase classname="testng.childTest" name="testCase2" time="0.0">
    <skipped/>
  </testcase> <!-- testCase2 -->
  <testcase classname="testng.childTest" name="testCase3" time="0.0">
    <skipped/>
  </testcase> <!-- testCase3 -->
</testsuite> <!-- Test -->
